/*------------------------
/****** Script for SelectTopNRows command from SSMS  ******/
SELECT [ProductSupplierId]
      ,[ProductId]
      ,[SupplierId]
  FROM [TravelExperts].[dbo].[Products_Suppliers]
------------------------*/
ProductSupplierId|ProductId|SupplierId
1|1|5492
2|1|6505
3|8|796
4|1|4196
6|8|1040
7|1|3576
8|3|845
9|7|828
10|8|5777
11|8|5827
12|5|3273
13|1|80
14|8|9396
15|8|3589
16|1|69
19|1|3376
20|3|323
23|1|3549
24|5|1918
25|3|11156
26|8|8837
28|8|8089
29|1|1028
30|1|2466
31|5|1406
32|3|1416
33|5|13596
34|1|9323
35|5|11237
36|8|9785
37|5|11163
39|9|11172
40|8|9285
41|5|3622
42|5|9323
43|1|1766
44|1|3212
45|9|11174
46|8|3600
47|9|11160
48|8|11549
49|4|2827
50|9|12657
51|8|7377
52|5|6550
53|4|1634
54|8|2140
55|3|317
56|1|1205
57|8|3633
58|2|6873
59|1|7377
60|5|7244
61|3|2938
63|2|5081
64|1|3119
65|9|2998
66|8|3576
67|8|2592
68|4|100
69|9|2987
70|4|1005
71|4|908
72|1|5796
73|10|2386
74|1|3650
75|4|1425
76|8|6346
78|1|1685
79|2|2588
80|6|1620
81|4|1542
82|5|9766
83|5|5228
84|6|9396
87|1|1859
90|1|1713
93|4|3650

(78 rows affected)

